<?xml version="1.0" encoding="UTF-8"?>
<Site BuildName="(empty)"
	BuildStamp="20241020-1415-Experimental"
	Name="khanh-HP"
	Generator="ctest-3.21.1"
	CompilerName="/usr/bin/c++"
	CompilerVersion="11.4.0"
	OSName="Linux"
	Hostname="khanh-HP"
	OSRelease="5.15.0-124-generic"
	OSVersion="#134~20.04.1-Ubuntu SMP Tue Oct 1 15:27:33 UTC 2024"
	OSPlatform="x86_64"
	Is64Bits="1"
	VendorString="GenuineIntel"
	VendorID="Intel Corporation"
	FamilyID="6"
	ModelID="94"
	ProcessorCacheSize="8192"
	NumberOfLogicalCPU="8"
	NumberOfPhysicalCPU="4"
	TotalVirtualMemory="2047"
	TotalPhysicalMemory="15868"
	LogicalProcessorsPerPhysical="2"
	ProcessorClockFrequency="2700"
	>
	<Testing>
		<StartDateTime>Oct 21 01:46 JST</StartDateTime>
		<StartTestTime>1729442768</StartTestTime>
		<TestList/>
		<EndDateTime>Oct 21 01:46 JST</EndDateTime>
		<EndTestTime>1729442768</EndTestTime>
		<ElapsedMinutes>0</ElapsedMinutes>
	</Testing>
</Site>
